<?xml version="1.0" encoding="UTF-8"?>
<testsuite name="ConsoleTest" tests="4" skipped="0" failures="0" errors="0" timestamp="2023-06-12T15:49:11" hostname="OSH" time="0.036">
  <properties/>
  <testcase name="[1] 1 + 3, 4" classname="ConsoleTest" time="0.026"/>
  <testcase name="[2] 1 * 3 + 6, 9" classname="ConsoleTest" time="0.001"/>
  <testcase name="[3] 1 + 3 * 9 - 7 * 8 * 2 / 8, 14" classname="ConsoleTest" time="0.002"/>
  <testcase name="[4] 1 + 2 - 1 * 3 - 2, -2" classname="ConsoleTest" time="0.001"/>
  <system-out><![CDATA[]]></system-out>
  <system-err><![CDATA[]]></system-err>
</testsuite>
