<?xml version="1.0" encoding="UTF-8"?>
<testsuite name="ConsoleTest" tests="1" skipped="0" failures="0" errors="0" timestamp="2023-06-08T15:33:27" hostname="OSH" time="0.029">
  <properties/>
  <testcase name="input()" classname="ConsoleTest" time="0.029"/>
  <system-out><![CDATA[]]></system-out>
  <system-err><![CDATA[]]></system-err>
</testsuite>
